d:\opp-ltdt\htduyhoathaotruongchuong2\quanlytienluong\x64\debug\vc143.pdb
d:\opp-ltdt\htduyhoathaotruongchuong2\quanlytienluong\x64\debug\vc143.idb
d:\opp-ltdt\htduyhoathaotruongchuong2\quanlytienluong\x64\debug\parttimeemployee.obj
d:\opp-ltdt\htduyhoathaotruongchuong2\quanlytienluong\x64\debug\main.obj
d:\opp-ltdt\htduyhoathaotruongchuong2\quanlytienluong\x64\debug\fulltimeemployee.obj
d:\opp-ltdt\htduyhoathaotruongchuong2\quanlytienluong\x64\debug\employee.obj
d:\opp-ltdt\htduyhoathaotruongchuong2\x64\debug\quanlytienluong.exe
d:\opp-ltdt\htduyhoathaotruongchuong2\x64\debug\quanlytienluong.pdb
d:\opp-ltdt\htduyhoathaotruongchuong2\quanlytienluong\x64\debug\quanlytienluong.res
d:\opp-ltdt\htduyhoathaotruongchuong2\quanlytienluong\x64\debug\quanlytienluong.ilk
d:\opp-ltdt\htduyhoathaotruongchuong2\quanlytienluong\x64\debug\quanlytienluong.tlog\cl.command.1.tlog
d:\opp-ltdt\htduyhoathaotruongchuong2\quanlytienluong\x64\debug\quanlytienluong.tlog\cl.items.tlog
d:\opp-ltdt\htduyhoathaotruongchuong2\quanlytienluong\x64\debug\quanlytienluong.tlog\cl.read.1.tlog
d:\opp-ltdt\htduyhoathaotruongchuong2\quanlytienluong\x64\debug\quanlytienluong.tlog\cl.write.1.tlog
d:\opp-ltdt\htduyhoathaotruongchuong2\quanlytienluong\x64\debug\quanlytienluong.tlog\link.command.1.tlog
d:\opp-ltdt\htduyhoathaotruongchuong2\quanlytienluong\x64\debug\quanlytienluong.tlog\link.read.1.tlog
d:\opp-ltdt\htduyhoathaotruongchuong2\quanlytienluong\x64\debug\quanlytienluong.tlog\link.secondary.1.tlog
d:\opp-ltdt\htduyhoathaotruongchuong2\quanlytienluong\x64\debug\quanlytienluong.tlog\link.write.1.tlog
d:\opp-ltdt\htduyhoathaotruongchuong2\quanlytienluong\x64\debug\quanlytienluong.tlog\rc.command.1.tlog
d:\opp-ltdt\htduyhoathaotruongchuong2\quanlytienluong\x64\debug\quanlytienluong.tlog\rc.read.1.tlog
d:\opp-ltdt\htduyhoathaotruongchuong2\quanlytienluong\x64\debug\quanlytienluong.tlog\rc.write.1.tlog
